1613899860.405587 client started (22232): version 2.6, socket /tmp/tmux-0/default, protocol 8
1613899860.405632 on Linux 4.15.0-58-generic #64-Ubuntu SMP Tue Aug 6 11:12:41 UTC 2019; libevent 2.1.8-stable (poll)
1613899860.405689 socket is /tmp/tmux-0/default
1613899860.405809 trying connect
1613899860.406375 add peer 0x562fcc233480: 6 ((nil))
1613899860.406478 sending message 100 to peer 0x562fcc233480 (4 bytes)
1613899860.406493 sending message 101 to peer 0x562fcc233480 (7 bytes)
1613899860.406501 sending message 102 to peer 0x562fcc233480 (11 bytes)
1613899860.406509 sending message 108 to peer 0x562fcc233480 (47 bytes)
1613899860.406518 sending message 104 to peer 0x562fcc233480 (0 bytes)
1613899860.406527 sending message 107 to peer 0x562fcc233480 (4 bytes)
1613899860.406535 sending message 105 to peer 0x562fcc233480 (19 bytes)
1613899860.406543 sending message 105 to peer 0x562fcc233480 (1516 bytes)
1613899860.406566 sending message 105 to peer 0x562fcc233480 (53 bytes)
1613899860.406574 sending message 105 to peer 0x562fcc233480 (34 bytes)
1613899860.406582 sending message 105 to peer 0x562fcc233480 (13 bytes)
1613899860.406589 sending message 105 to peer 0x562fcc233480 (13 bytes)
1613899860.406597 sending message 105 to peer 0x562fcc233480 (14 bytes)
1613899860.406604 sending message 105 to peer 0x562fcc233480 (21 bytes)
1613899860.406612 sending message 105 to peer 0x562fcc233480 (10 bytes)
1613899860.406619 sending message 105 to peer 0x562fcc233480 (51 bytes)
1613899860.406627 sending message 105 to peer 0x562fcc233480 (11 bytes)
1613899860.406634 sending message 105 to peer 0x562fcc233480 (34 bytes)
1613899860.406642 sending message 105 to peer 0x562fcc233480 (33 bytes)
1613899860.406650 sending message 105 to peer 0x562fcc233480 (65 bytes)
1613899860.406657 sending message 105 to peer 0x562fcc233480 (42 bytes)
1613899860.406665 sending message 105 to peer 0x562fcc233480 (19 bytes)
1613899860.406672 sending message 105 to peer 0x562fcc233480 (20 bytes)
1613899860.406679 sending message 105 to peer 0x562fcc233480 (12 bytes)
1613899860.406686 sending message 105 to peer 0x562fcc233480 (16 bytes)
1613899860.406694 sending message 105 to peer 0x562fcc233480 (45 bytes)
1613899860.406701 sending message 105 to peer 0x562fcc233480 (46 bytes)
1613899860.406709 sending message 105 to peer 0x562fcc233480 (13 bytes)
1613899860.406716 sending message 105 to peer 0x562fcc233480 (8 bytes)
1613899860.406724 sending message 105 to peer 0x562fcc233480 (102 bytes)
1613899860.406731 sending message 105 to peer 0x562fcc233480 (13 bytes)
1613899860.406739 sending message 105 to peer 0x562fcc233480 (28 bytes)
1613899860.406746 sending message 105 to peer 0x562fcc233480 (141 bytes)
1613899860.406754 sending message 105 to peer 0x562fcc233480 (32 bytes)
1613899860.406762 sending message 105 to peer 0x562fcc233480 (16 bytes)
1613899860.406769 sending message 105 to peer 0x562fcc233480 (16 bytes)
1613899860.406776 sending message 106 to peer 0x562fcc233480 (0 bytes)
1613899860.406785 sending message 200 to peer 0x562fcc233480 (4 bytes)
1613899860.406792 client loop enter
1613899860.408311 peer 0x562fcc233480 message 211
1613899860.409215 peer 0x562fcc233480 message 203
1613899860.409235 client loop exit
